#
# There is insufficient memory for the Java Runtime Environment to continue.
# Native memory allocation (malloc) failed to allocate 382048 bytes for Chunk::new
# Possible reasons:
#   The system is out of physical RAM or swap space
#   The process is running with CompressedOops enabled, and the Java Heap may be blocking the growth of the native heap
# Possible solutions:
#   Reduce memory load on the system
#   Increase physical memory or swap space
#   Check if swap backing store is full
#   Decrease Java heap size (-Xmx/-Xms)
#   Decrease number of Java threads
#   Decrease Java thread stack sizes (-Xss)
#   Set larger code cache with -XX:ReservedCodeCacheSize=
#   JVM is running with Unscaled Compressed Oops mode in which the Java heap is
#     placed in the first 4GB address space. The Java Heap base address is the
#     maximum limit for the native heap growth. Please use -XX:HeapBaseMinAddress
#     to set the Java Heap base and to place the Java Heap above 4GB virtual address.
# This output file may be truncated or incomplete.
#
#  Out of Memory Error (allocation.cpp:389), pid=14660, tid=0x0000000000005d88
#
# JRE version: OpenJDK Runtime Environment (8.0_212-b04) (build 1.8.0_212-release-1586-b04)
# Java VM: OpenJDK 64-Bit Server VM (25.212-b04 mixed mode windows-amd64 compressed oops)
# Failed to write core dump. Minidumps are not enabled by default on client versions of Windows
#

---------------  T H R E A D  ---------------

Current thread (0x00000000163cd000):  JavaThread "C2 CompilerThread0" daemon [_thread_in_native, id=23944, stack(0x0000000017a30000,0x0000000017b30000)]

Stack: [0x0000000017a30000,0x0000000017b30000]
[error occurred during error reporting (printing stack bounds), id 0xc0000005]

Native frames: (J=compiled Java code, j=interpreted, Vv=VM code, C=native code)


Current CompileTask:
C2:  26132 14205       4       com.android.tools.r8.graph.DexItem::consumeArray (45 bytes)


---------------  P R O C E S S  ---------------

Java Threads: ( => current thread )
  0x0000000023ee1000 JavaThread "ForkJoinPool.commonPool-worker-1" daemon [_thread_blocked, id=3028, stack(0x0000000026820000,0x0000000026920000)]
  0x0000000023ee0000 JavaThread "ForkJoinPool.commonPool-worker-0" daemon [_thread_in_native, id=24856, stack(0x0000000025120000,0x0000000025220000)]
  0x0000000023ede000 JavaThread "Cache worker for Java compile cache (C:\Users\Kaloyan.Mednikarov\AndroidStudioProjects\StockScreener\.gradle\5.1.1\javaCompile)" [_thread_blocked, id=23168, stack(0x0000000025920000,0x0000000025a20000)]
  0x0000000023edc800 JavaThread "Cache worker for Java compile cache (C:\Users\Kaloyan.Mednikarov\.gradle\caches\5.1.1\javaCompile)" [_thread_blocked, id=7444, stack(0x0000000024f20000,0x0000000025020000)]
  0x0000000023edb800 JavaThread "stdout" daemon [_thread_in_native, id=23120, stack(0x0000000025620000,0x0000000025720000)]
  0x0000000023ed9800 JavaThread "stderr" daemon [_thread_in_native, id=16292, stack(0x0000000025520000,0x0000000025620000)]
  0x0000000023ed8000 JavaThread "stdout" daemon [_thread_in_native, id=12632, stack(0x0000000025420000,0x0000000025520000)]
  0x000000001866a000 JavaThread "stderr" daemon [_thread_in_native, id=19912, stack(0x0000000025320000,0x0000000025420000)]
  0x0000000018668800 JavaThread "pool-2-thread-1" [_thread_blocked, id=14904, stack(0x0000000025220000,0x0000000025320000)]
  0x0000000018664800 JavaThread "ForkJoinPool.commonPool-worker-2" daemon [_thread_in_native, id=18476, stack(0x0000000025020000,0x0000000025120000)]
  0x0000000018666000 JavaThread "Cache worker for execution history cache (C:\Users\Kaloyan.Mednikarov\AndroidStudioProjects\StockScreener\.gradle\5.1.1\executionHistory)" [_thread_blocked, id=23204, stack(0x0000000023a50000,0x0000000023b50000)]
  0x0000000018667800 JavaThread "Execution worker for ':' Thread 3" [_thread_blocked, id=25524, stack(0x0000000023750000,0x0000000023850000)]
  0x000000001865e000 JavaThread "Execution worker for ':' Thread 2" [_thread_blocked, id=22784, stack(0x0000000023650000,0x0000000023750000)]
  0x000000001865e800 JavaThread "Execution worker for ':'" [_thread_blocked, id=3152, stack(0x0000000023550000,0x0000000023650000)]
  0x0000000018664000 JavaThread "Cache worker for file content cache (C:\Users\Kaloyan.Mednikarov\AndroidStudioProjects\StockScreener\.gradle\5.1.1\fileContent)" [_thread_blocked, id=16984, stack(0x00000000230b0000,0x00000000231b0000)]
  0x0000000018662800 JavaThread "Cache worker for file content cache (C:\Users\Kaloyan.Mednikarov\.gradle\caches\5.1.1\fileContent)" [_thread_blocked, id=24696, stack(0x0000000022fb0000,0x00000000230b0000)]
  0x0000000018661800 JavaThread "Memory manager" [_thread_blocked, id=11412, stack(0x0000000023250000,0x0000000023350000)]
  0x0000000018661000 JavaThread "Cache worker for Build Output Cleanup Cache (C:\Users\Kaloyan.Mednikarov\AndroidStudioProjects\StockScreener\.gradle\buildOutputCleanup)" [_thread_blocked, id=21008, stack(0x0000000020ee0000,0x0000000020fe0000)]
  0x0000000018660000 JavaThread "Build operations Thread 4" [_thread_blocked, id=1360, stack(0x00000000209e0000,0x0000000020ae0000)]
  0x000000001865c800 JavaThread "Build operations Thread 3" [_thread_blocked, id=22080, stack(0x00000000208e0000,0x00000000209e0000)]
  0x0000000018663000 JavaThread "Build operations Thread 2" [_thread_blocked, id=21828, stack(0x00000000207e0000,0x00000000208e0000)]
  0x000000001865b800 JavaThread "Build operations" [_thread_blocked, id=10756, stack(0x00000000206e0000,0x00000000207e0000)]
  0x000000001865a800 JavaThread "Cache worker for execution history cache (C:\Users\Kaloyan.Mednikarov\.gradle\caches\5.1.1\executionHistory)" [_thread_blocked, id=22076, stack(0x00000000201e0000,0x00000000202e0000)]
  0x00000000198e9000 JavaThread "Cache worker for cache directory md-rule (C:\Users\Kaloyan.Mednikarov\.gradle\caches\5.1.1\md-rule)" [_thread_blocked, id=3204, stack(0x000000001eca0000,0x000000001eda0000)]
  0x00000000198e7800 JavaThread "Cache worker for cache directory md-supplier (C:\Users\Kaloyan.Mednikarov\.gradle\caches\5.1.1\md-supplier)" [_thread_blocked, id=21480, stack(0x000000001e4f0000,0x000000001e5f0000)]
  0x00000000198e4800 JavaThread "Cache worker for file hash cache (C:\Users\Kaloyan.Mednikarov\AndroidStudioProjects\StockScreener\.gradle\5.1.1\fileHashes)" [_thread_blocked, id=24860, stack(0x000000001d120000,0x000000001d220000)]
  0x00000000198e4000 JavaThread "Cache worker for journal cache (C:\Users\Kaloyan.Mednikarov\.gradle\caches\journal-1)" [_thread_blocked, id=24104, stack(0x000000001ae80000,0x000000001af80000)]
  0x00000000198e8800 JavaThread "File lock request listener" [_thread_in_native, id=13860, stack(0x000000001ad80000,0x000000001ae80000)]
  0x00000000198c9800 JavaThread "Cache worker for file hash cache (C:\Users\Kaloyan.Mednikarov\.gradle\caches\5.1.1\fileHashes)" [_thread_blocked, id=17000, stack(0x000000001ac80000,0x000000001ad80000)]
  0x0000000019766000 JavaThread "Thread-8" [_thread_blocked, id=2100, stack(0x000000001ab80000,0x000000001ac80000)]
  0x000000001976f000 JavaThread "Stdin handler" [_thread_blocked, id=15480, stack(0x000000001aa80000,0x000000001ab80000)]
  0x0000000019772000 JavaThread "Asynchronous log dispatcher for DefaultDaemonConnection: socket connection from /127.0.0.1:57890 to /127.0.0.1:57891" [_thread_blocked, id=12300, stack(0x000000001a980000,0x000000001aa80000)]
  0x000000001976c000 JavaThread "Daemon worker" [_thread_blocked, id=19564, stack(0x000000001a880000,0x000000001a980000)]
  0x0000000019763800 JavaThread "Cancel handler" [_thread_blocked, id=25588, stack(0x000000001a780000,0x000000001a880000)]
  0x000000001957f800 JavaThread "Handler for socket connection from /127.0.0.1:57890 to /127.0.0.1:57891" [_thread_in_native, id=16972, stack(0x000000001a480000,0x000000001a580000)]
  0x000000001957e800 JavaThread "Daemon" [_thread_blocked, id=16300, stack(0x000000001a380000,0x000000001a480000)]
  0x0000000019514800 JavaThread "Daemon periodic checks" [_thread_blocked, id=15172, stack(0x000000001a280000,0x000000001a380000)]
  0x0000000019588000 JavaThread "Incoming local TCP Connector on port 57890" [_thread_in_native, id=22232, stack(0x000000001a040000,0x000000001a140000)]
  0x000000001642e000 JavaThread "Service Thread" daemon [_thread_blocked, id=23044, stack(0x0000000018130000,0x0000000018230000)]
  0x00000000163d8000 JavaThread "C1 CompilerThread2" daemon [_thread_blocked, id=22240, stack(0x0000000017c30000,0x0000000017d30000)]
  0x00000000163d1800 JavaThread "C2 CompilerThread1" daemon [_thread_in_native, id=25532, stack(0x0000000017b30000,0x0000000017c30000)]
=>0x00000000163cd000 JavaThread "C2 CompilerThread0" daemon [_thread_in_native, id=23944, stack(0x0000000017a30000,0x0000000017b30000)]
  0x00000000163cb800 JavaThread "Attach Listener" daemon [_thread_blocked, id=9524, stack(0x0000000017930000,0x0000000017a30000)]
  0x00000000163ca800 JavaThread "Signal Dispatcher" daemon [_thread_blocked, id=21848, stack(0x0000000017830000,0x0000000017930000)]
  0x0000000002a5b800 JavaThread "Finalizer" daemon [_thread_blocked, id=25392, stack(0x0000000017630000,0x0000000017730000)]
  0x00000000163b9000 JavaThread "Reference Handler" daemon [_thread_blocked, id=16860, stack(0x0000000017530000,0x0000000017630000)]
  0x0000000002962800 JavaThread "main" [_thread_blocked, id=20600, stack(0x00000000027f0000,0x00000000028f0000)]

Other Threads:
  0x0000000016395800 VMThread [stack: 0x0000000017430000,0x0000000017530000] [id=4632]
  0x0000000017d53000 WatcherThread [stack: 0x0000000018230000,0x0000000018330000] [id=20420]

VM state:not at safepoint (normal execution)

VM Mutex/Monitor currently owned by a thread: None

heap address: 0x00000000a0000000, size: 1536 MB, Compressed Oops mode: 32-bit
Narrow klass base: 0x0000000000000000, Narrow klass shift: 3
Compressed class space size: 1073741824 Address: 0x0000000100000000

Heap:
 PSYoungGen      total 271360K, used 11585K [0x00000000e0000000, 0x00000000fa280000, 0x0000000100000000)
  eden space 174080K, 6% used [0x00000000e0000000,0x00000000e0b506e0,0x00000000eaa00000)
  from space 97280K, 0% used [0x00000000eaa00000,0x00000000eaa00000,0x00000000f0900000)
  to   space 108544K, 0% used [0x00000000f3880000,0x00000000f3880000,0x00000000fa280000)
 ParOldGen       total 307200K, used 78608K [0x00000000a0000000, 0x00000000b2c00000, 0x00000000e0000000)
  object space 307200K, 25% used [0x00000000a0000000,0x00000000a4cc42c0,0x00000000b2c00000)
 Metaspace       used 96057K, capacity 98898K, committed 99112K, reserved 1134592K
  class space    used 12386K, capacity 13018K, committed 13096K, reserved 1048576K

Card table byte_map: [0x0000000011e20000,0x0000000012130000] byte_map_base: 0x0000000011920000

Marking Bits: (ParMarkBitMap*) 0x0000000056459f30
 Begin Bits: [0x0000000012730000, 0x0000000013f30000)
 End Bits:   [0x0000000013f30000, 0x0000000015730000)

Polling page: 0x00000000007f0000

CodeCache: size=245760Kb used=38377Kb max_used=39887Kb free=207382Kb
 bounds [0x0000000002a60000, 0x0000000005190000, 0x0000000011a60000]
 total_blobs=12686 nmethods=11780 adapters=817
 compilation: enabled

Compilation events (10 events):
Event: 26.127 Thread 0x00000000163d8000 14273       3       com.android.tools.r8.it.unimi.dsi.fastutil.objects.Reference2IntLinkedOpenHashMap$KeySet::size (8 bytes)
Event: 26.127 Thread 0x00000000163d8000 nmethod 14273 0x0000000004a36d90 code [0x0000000004a36ee0, 0x0000000004a37030]
Event: 26.127 Thread 0x00000000163d8000 14274       3       com.android.tools.r8.it.unimi.dsi.fastutil.objects.Object2IntLinkedOpenHashMap$KeyIterator::next (13 bytes)
Event: 26.127 Thread 0x00000000163d8000 nmethod 14274 0x0000000004a368d0 code [0x0000000004a36a40, 0x0000000004a36c88]
Event: 26.127 Thread 0x00000000163d8000 14275       3       com.android.tools.r8.it.unimi.dsi.fastutil.objects.Object2IntLinkedOpenHashMap$MapIterator::nextEntry (70 bytes)
Event: 26.128 Thread 0x00000000163d8000 nmethod 14275 0x000000000408dbd0 code [0x000000000408dd60, 0x000000000408e168]
Event: 26.128 Thread 0x00000000163d8000 14276       3       com.android.tools.r8.it.unimi.dsi.fastutil.objects.Object2IntLinkedOpenHashMap::getInt (116 bytes)
Event: 26.128 Thread 0x00000000163d8000 nmethod 14276 0x000000000408cf50 code [0x000000000408d120, 0x000000000408d828]
Event: 26.130 Thread 0x00000000163d8000 14278       3       java.util.stream.ReferencePipeline::anyMatch (18 bytes)
Event: 26.130 Thread 0x00000000163d8000 nmethod 14278 0x00000000045aa450 code [0x00000000045aa660, 0x00000000045ab138]

GC Heap History (10 events):
Event: 21.320 GC heap before
{Heap before GC invocations=17 (full 3):
 PSYoungGen      total 173056K, used 173054K [0x00000000e0000000, 0x00000000efa80000, 0x0000000100000000)
  eden space 149504K, 100% used [0x00000000e0000000,0x00000000e9200000,0x00000000e9200000)
  from space 23552K, 99% used [0x00000000e9200000,0x00000000ea8ff950,0x00000000ea900000)
  to   space 39936K, 0% used [0x00000000ed380000,0x00000000ed380000,0x00000000efa80000)
 ParOldGen       total 307200K, used 78046K [0x00000000a0000000, 0x00000000b2c00000, 0x00000000e0000000)
  object space 307200K, 25% used [0x00000000a0000000,0x00000000a4c37918,0x00000000b2c00000)
 Metaspace       used 85519K, capacity 87680K, committed 87976K, reserved 1126400K
  class space    used 11144K, capacity 11663K, committed 11688K, reserved 1048576K
Event: 21.408 GC heap after
Heap after GC invocations=17 (full 3):
 PSYoungGen      total 186880K, used 39907K [0x00000000e0000000, 0x00000000f4300000, 0x0000000100000000)
  eden space 146944K, 0% used [0x00000000e0000000,0x00000000e0000000,0x00000000e8f80000)
  from space 39936K, 99% used [0x00000000ed380000,0x00000000efa78dc8,0x00000000efa80000)
  to   space 69632K, 0% used [0x00000000e8f80000,0x00000000e8f80000,0x00000000ed380000)
 ParOldGen       total 307200K, used 141867K [0x00000000a0000000, 0x00000000b2c00000, 0x00000000e0000000)
  object space 307200K, 46% used [0x00000000a0000000,0x00000000a8a8ad08,0x00000000b2c00000)
 Metaspace       used 85519K, capacity 87680K, committed 87976K, reserved 1126400K
  class space    used 11144K, capacity 11663K, committed 11688K, reserved 1048576K
}
Event: 22.953 GC heap before
{Heap before GC invocations=18 (full 3):
 PSYoungGen      total 186880K, used 186851K [0x00000000e0000000, 0x00000000f4300000, 0x0000000100000000)
  eden space 146944K, 100% used [0x00000000e0000000,0x00000000e8f80000,0x00000000e8f80000)
  from space 39936K, 99% used [0x00000000ed380000,0x00000000efa78dc8,0x00000000efa80000)
  to   space 69632K, 0% used [0x00000000e8f80000,0x00000000e8f80000,0x00000000ed380000)
 ParOldGen       total 307200K, used 141867K [0x00000000a0000000, 0x00000000b2c00000, 0x00000000e0000000)
  object space 307200K, 46% used [0x00000000a0000000,0x00000000a8a8ad08,0x00000000b2c00000)
 Metaspace       used 86783K, capacity 88928K, committed 89384K, reserved 1126400K
  class space    used 11236K, capacity 11759K, committed 11816K, reserved 1048576K
Event: 23.024 GC heap after
Heap after GC invocations=18 (full 3):
 PSYoungGen      total 216576K, used 69622K [0x00000000e0000000, 0x00000000f5900000, 0x0000000100000000)
  eden space 146944K, 0% used [0x00000000e0000000,0x00000000e0000000,0x00000000e8f80000)
  from space 69632K, 99% used [0x00000000e8f80000,0x00000000ed37db20,0x00000000ed380000)
  to   space 81920K, 0% used [0x00000000f0900000,0x00000000f0900000,0x00000000f5900000)
 ParOldGen       total 307200K, used 142931K [0x00000000a0000000, 0x00000000b2c00000, 0x00000000e0000000)
  object space 307200K, 46% used [0x00000000a0000000,0x00000000a8b94d08,0x00000000b2c00000)
 Metaspace       used 86783K, capacity 88928K, committed 89384K, reserved 1126400K
  class space    used 11236K, capacity 11759K, committed 11816K, reserved 1048576K
}
Event: 24.083 GC heap before
{Heap before GC invocations=19 (full 3):
 PSYoungGen      total 216576K, used 216566K [0x00000000e0000000, 0x00000000f5900000, 0x0000000100000000)
  eden space 146944K, 100% used [0x00000000e0000000,0x00000000e8f80000,0x00000000e8f80000)
  from space 69632K, 99% used [0x00000000e8f80000,0x00000000ed37db20,0x00000000ed380000)
  to   space 81920K, 0% used [0x00000000f0900000,0x00000000f0900000,0x00000000f5900000)
 ParOldGen       total 307200K, used 142931K [0x00000000a0000000, 0x00000000b2c00000, 0x00000000e0000000)
  object space 307200K, 46% used [0x00000000a0000000,0x00000000a8b94d08,0x00000000b2c00000)
 Metaspace       used 87578K, capacity 89866K, committed 90024K, reserved 1128448K
  class space    used 11315K, capacity 11884K, committed 11944K, reserved 1048576K
Event: 24.175 GC heap after
Heap after GC invocations=19 (full 3):
 PSYoungGen      total 256000K, used 81912K [0x00000000e0000000, 0x00000000f7c80000, 0x0000000100000000)
  eden space 174080K, 0% used [0x00000000e0000000,0x00000000e0000000,0x00000000eaa00000)
  from space 81920K, 99% used [0x00000000f0900000,0x00000000f58fe138,0x00000000f5900000)
  to   space 97280K, 0% used [0x00000000eaa00000,0x00000000eaa00000,0x00000000f0900000)
 ParOldGen       total 307200K, used 147485K [0x00000000a0000000, 0x00000000b2c00000, 0x00000000e0000000)
  object space 307200K, 48% used [0x00000000a0000000,0x00000000a90075a0,0x00000000b2c00000)
 Metaspace       used 87578K, capacity 89866K, committed 90024K, reserved 1128448K
  class space    used 11315K, capacity 11884K, committed 11944K, reserved 1048576K
}
Event: 25.658 GC heap before
{Heap before GC invocations=20 (full 3):
 PSYoungGen      total 256000K, used 207451K [0x00000000e0000000, 0x00000000f7c80000, 0x0000000100000000)
  eden space 174080K, 72% used [0x00000000e0000000,0x00000000e7a98ec0,0x00000000eaa00000)
  from space 81920K, 99% used [0x00000000f0900000,0x00000000f58fe138,0x00000000f5900000)
  to   space 97280K, 0% used [0x00000000eaa00000,0x00000000eaa00000,0x00000000f0900000)
 ParOldGen       total 307200K, used 147485K [0x00000000a0000000, 0x00000000b2c00000, 0x00000000e0000000)
  object space 307200K, 48% used [0x00000000a0000000,0x00000000a90075a0,0x00000000b2c00000)
 Metaspace       used 95690K, capacity 98490K, committed 98600K, reserved 1134592K
  class space    used 12376K, capacity 13042K, committed 13096K, reserved 1048576K
Event: 25.723 GC heap after
Heap after GC invocations=20 (full 3):
 PSYoungGen      total 271360K, used 82974K [0x00000000e0000000, 0x00000000fa280000, 0x0000000100000000)
  eden space 174080K, 0% used [0x00000000e0000000,0x00000000e0000000,0x00000000eaa00000)
  from space 97280K, 85% used [0x00000000eaa00000,0x00000000efb079a0,0x00000000f0900000)
  to   space 108544K, 0% used [0x00000000f3880000,0x00000000f3880000,0x00000000fa280000)
 ParOldGen       total 307200K, used 153248K [0x00000000a0000000, 0x00000000b2c00000, 0x00000000e0000000)
  object space 307200K, 49% used [0x00000000a0000000,0x00000000a95a8260,0x00000000b2c00000)
 Metaspace       used 95690K, capacity 98490K, committed 98600K, reserved 1134592K
  class space    used 12376K, capacity 13042K, committed 13096K, reserved 1048576K
}
Event: 25.723 GC heap before
{Heap before GC invocations=21 (full 4):
 PSYoungGen      total 271360K, used 82974K [0x00000000e0000000, 0x00000000fa280000, 0x0000000100000000)
  eden space 174080K, 0% used [0x00000000e0000000,0x00000000e0000000,0x00000000eaa00000)
  from space 97280K, 85% used [0x00000000eaa00000,0x00000000efb079a0,0x00000000f0900000)
  to   space 108544K, 0% used [0x00000000f3880000,0x00000000f3880000,0x00000000fa280000)
 ParOldGen       total 307200K, used 153248K [0x00000000a0000000, 0x00000000b2c00000, 0x00000000e0000000)
  object space 307200K, 49% used [0x00000000a0000000,0x00000000a95a8260,0x00000000b2c00000)
 Metaspace       used 95690K, capacity 98490K, committed 98600K, reserved 1134592K
  class space    used 12376K, capacity 13042K, committed 13096K, reserved 1048576K
Event: 25.983 GC heap after
Heap after GC invocations=21 (full 4):
 PSYoungGen      total 271360K, used 0K [0x00000000e0000000, 0x00000000fa280000, 0x0000000100000000)
  eden space 174080K, 0% used [0x00000000e0000000,0x00000000e0000000,0x00000000eaa00000)
  from space 97280K, 0% used [0x00000000eaa00000,0x00000000eaa00000,0x00000000f0900000)
  to   space 108544K, 0% used [0x00000000f3880000,0x00000000f3880000,0x00000000fa280000)
 ParOldGen       total 307200K, used 78608K [0x00000000a0000000, 0x00000000b2c00000, 0x00000000e0000000)
  object space 307200K, 25% used [0x00000000a0000000,0x00000000a4cc42c0,0x00000000b2c00000)
 Metaspace       used 95474K, capacity 97970K, committed 98600K, reserved 1134592K
  class space    used 12300K, capacity 12910K, committed 13096K, reserved 1048576K
}

Deoptimization events (10 events):
Event: 25.635 Thread 0x0000000018664800 Uncommon trap: reason=class_check action=maybe_recompile pc=0x0000000003fb6270 method=com.android.tools.r8.graph.DexItemFactory$$Lambda$675/415420968.compare(Ljava/lang/Object;Ljava/lang/Object;)I @ 5
Event: 25.635 Thread 0x0000000018664800 Uncommon trap: reason=class_check action=maybe_recompile pc=0x0000000003fb6270 method=com.android.tools.r8.graph.DexItemFactory$$Lambda$675/415420968.compare(Ljava/lang/Object;Ljava/lang/Object;)I @ 5
Event: 25.635 Thread 0x0000000018664800 Uncommon trap: reason=class_check action=maybe_recompile pc=0x0000000003fb6270 method=com.android.tools.r8.graph.DexItemFactory$$Lambda$675/415420968.compare(Ljava/lang/Object;Ljava/lang/Object;)I @ 5
Event: 25.652 Thread 0x0000000023ee0000 Uncommon trap: reason=array_check action=maybe_recompile pc=0x0000000004e20414 method=java.util.TimSort.binarySort([Ljava/lang/Object;IIILjava/util/Comparator;)V @ 183
Event: 25.652 Thread 0x0000000023ee0000 Uncommon trap: reason=array_check action=maybe_recompile pc=0x0000000004e20288 method=java.util.TimSort.binarySort([Ljava/lang/Object;IIILjava/util/Comparator;)V @ 215
Event: 25.653 Thread 0x0000000018664800 Uncommon trap: reason=array_check action=maybe_recompile pc=0x0000000004e20414 method=java.util.TimSort.binarySort([Ljava/lang/Object;IIILjava/util/Comparator;)V @ 183
Event: 25.653 Thread 0x0000000018664800 Uncommon trap: reason=array_check action=maybe_recompile pc=0x0000000004e20288 method=java.util.TimSort.binarySort([Ljava/lang/Object;IIILjava/util/Comparator;)V @ 215
Event: 25.999 Thread 0x0000000018664800 Uncommon trap: reason=unstable_if action=reinterpret pc=0x0000000003365210 method=com.android.tools.r8.graph.DexString.slowCompareTo(Lcom/android/tools/r8/graph/DexString;)I @ 136
Event: 26.077 Thread 0x0000000023ee0000 Uncommon trap: reason=unstable_if action=reinterpret pc=0x0000000003c86b94 method=com.android.tools.r8.it.unimi.dsi.fastutil.objects.Reference2IntLinkedOpenHashMap.insert(Ljava/lang/Object;I)I @ 91
Event: 26.122 Thread 0x0000000018664800 Uncommon trap: reason=array_check action=maybe_recompile pc=0x0000000004bd6ebc method=java.util.TimSort.binarySort([Ljava/lang/Object;IIILjava/util/Comparator;)V @ 193

Classes redefined (0 events):
No events

Internal exceptions (10 events):
Event: 26.111 Thread 0x0000000018664800 Exception <a 'sun/nio/fs/WindowsException'> (0x00000000e0777e20) thrown at [D:\src\AOSP-openjdk-cygwin\jdk8u\hotspot\src\share\vm\prims\jni.cpp, line 710]
Event: 26.113 Thread 0x0000000023ee0000 Exception <a 'sun/nio/fs/WindowsException'> (0x00000000e0624f90) thrown at [D:\src\AOSP-openjdk-cygwin\jdk8u\hotspot\src\share\vm\prims\jni.cpp, line 710]
Event: 26.115 Thread 0x0000000018664800 Exception <a 'sun/nio/fs/WindowsException'> (0x00000000e0781b38) thrown at [D:\src\AOSP-openjdk-cygwin\jdk8u\hotspot\src\share\vm\prims\jni.cpp, line 710]
Event: 26.118 Thread 0x0000000018664800 Exception <a 'sun/nio/fs/WindowsException'> (0x00000000e0787360) thrown at [D:\src\AOSP-openjdk-cygwin\jdk8u\hotspot\src\share\vm\prims\jni.cpp, line 710]
Event: 26.120 Thread 0x0000000023ee0000 Exception <a 'sun/nio/fs/WindowsException'> (0x00000000e092c6b8) thrown at [D:\src\AOSP-openjdk-cygwin\jdk8u\hotspot\src\share\vm\prims\jni.cpp, line 710]
Event: 26.123 Thread 0x0000000018664800 Exception <a 'sun/nio/fs/WindowsException'> (0x00000000e07918f8) thrown at [D:\src\AOSP-openjdk-cygwin\jdk8u\hotspot\src\share\vm\prims\jni.cpp, line 710]
Event: 26.124 Thread 0x0000000023ee0000 Exception <a 'sun/nio/fs/WindowsException'> (0x00000000e0971f00) thrown at [D:\src\AOSP-openjdk-cygwin\jdk8u\hotspot\src\share\vm\prims\jni.cpp, line 710]
Event: 26.127 Thread 0x0000000018664800 Exception <a 'sun/nio/fs/WindowsException'> (0x00000000e0796ab0) thrown at [D:\src\AOSP-openjdk-cygwin\jdk8u\hotspot\src\share\vm\prims\jni.cpp, line 710]
Event: 26.128 Thread 0x0000000023ee0000 Exception <a 'sun/nio/fs/WindowsException'> (0x00000000e09b6cf0) thrown at [D:\src\AOSP-openjdk-cygwin\jdk8u\hotspot\src\share\vm\prims\jni.cpp, line 710]
Event: 26.130 Thread 0x0000000018664800 Exception <a 'sun/nio/fs/WindowsException'> (0x00000000e079bbd0) thrown at [D:\src\AOSP-openjdk-cygwin\jdk8u\hotspot\src\share\vm\prims\jni.cpp, line 710]

Events (10 events):
Event: 26.066 loading class com/android/tools/r8/dex/FileWriter$ByteBufferResult
Event: 26.066 loading class com/android/tools/r8/dex/FileWriter$ByteBufferResult done
Event: 26.066 loading class com/android/tools/r8/ByteDataView
Event: 26.066 loading class com/android/tools/r8/ByteDataView done
Event: 26.077 Thread 0x0000000023ee0000 Uncommon trap: trap_request=0xffffff65 fr.pc=0x0000000003c86b94
Event: 26.077 Thread 0x0000000023ee0000 DEOPT PACKING pc=0x0000000003c86b94 sp=0x000000002521e5b0
Event: 26.077 Thread 0x0000000023ee0000 DEOPT UNPACKING pc=0x0000000002aa557b sp=0x000000002521e540 mode 2
Event: 26.122 Thread 0x0000000018664800 Uncommon trap: trap_request=0xffffffd6 fr.pc=0x0000000004bd6ebc
Event: 26.122 Thread 0x0000000018664800 DEOPT PACKING pc=0x0000000004bd6ebc sp=0x000000002511e5f0
Event: 26.122 Thread 0x0000000018664800 DEOPT UNPACKING pc=0x0000000002aa557b sp=0x000000002511e590 mode 2


Dynamic libraries:
0x00007ff6ba410000 - 0x00007ff6ba441000 	C:\Program Files\Android\Android Studio\jre\bin\java.exe
0x00007ffae4290000 - 0x00007ffae4484000 	C:\WINDOWS\SYSTEM32\ntdll.dll
0x00007ffae2310000 - 0x00007ffae23cd000 	C:\WINDOWS\System32\KERNEL32.DLL
0x00007ffae1d60000 - 0x00007ffae2027000 	C:\WINDOWS\System32\KERNELBASE.dll
0x0000000058680000 - 0x0000000058713000 	C:\WINDOWS\System32\SYSFER.DLL
0x00007ffae3f40000 - 0x00007ffae3fea000 	C:\WINDOWS\System32\ADVAPI32.dll
0x00007ffae38f0000 - 0x00007ffae398e000 	C:\WINDOWS\System32\msvcrt.dll
0x00007ffae3ea0000 - 0x00007ffae3f3b000 	C:\WINDOWS\System32\sechost.dll
0x00007ffae4120000 - 0x00007ffae4243000 	C:\WINDOWS\System32\RPCRT4.dll
0x00007ffae28f0000 - 0x00007ffae2a90000 	C:\WINDOWS\System32\USER32.dll
0x00007ffae2060000 - 0x00007ffae2082000 	C:\WINDOWS\System32\win32u.dll
0x00007ffae28c0000 - 0x00007ffae28ea000 	C:\WINDOWS\System32\GDI32.dll
0x00007ffae2090000 - 0x00007ffae219a000 	C:\WINDOWS\System32\gdi32full.dll
0x00007ffae19e0000 - 0x00007ffae1a7d000 	C:\WINDOWS\System32\msvcp_win.dll
0x00007ffae1be0000 - 0x00007ffae1ce0000 	C:\WINDOWS\System32\ucrtbase.dll
0x00007ffacca40000 - 0x00007ffacccda000 	C:\WINDOWS\WinSxS\amd64_microsoft.windows.common-controls_6595b64144ccf1df_6.0.19041.1_none_b555e41d4684ddec\COMCTL32.dll
0x00007ffae36c0000 - 0x00007ffae36f0000 	C:\WINDOWS\System32\IMM32.DLL
0x0000000055050000 - 0x0000000055122000 	C:\Program Files\Android\Android Studio\jre\jre\bin\msvcr100.dll
0x0000000055c90000 - 0x00000000564d6000 	C:\Program Files\Android\Android Studio\jre\jre\bin\server\jvm.dll
0x00007ffae2ea0000 - 0x00007ffae2ea8000 	C:\WINDOWS\System32\PSAPI.DLL
0x00007ffad3a40000 - 0x00007ffad3a49000 	C:\WINDOWS\SYSTEM32\WSOCK32.dll
0x00007ffae3650000 - 0x00007ffae36bb000 	C:\WINDOWS\System32\WS2_32.dll
0x00007ffad4060000 - 0x00007ffad4087000 	C:\WINDOWS\SYSTEM32\WINMM.dll
0x00007ffae08c0000 - 0x00007ffae08ca000 	C:\WINDOWS\SYSTEM32\VERSION.dll
0x00007ffada970000 - 0x00007ffada97f000 	C:\Program Files\Android\Android Studio\jre\jre\bin\verify.dll
0x00007fface230000 - 0x00007fface259000 	C:\Program Files\Android\Android Studio\jre\jre\bin\java.dll
0x00007ffad4af0000 - 0x00007ffad4b06000 	C:\Program Files\Android\Android Studio\jre\jre\bin\zip.dll
0x00007ffae2f10000 - 0x00007ffae3644000 	C:\WINDOWS\System32\SHELL32.dll
0x00007ffae0130000 - 0x00007ffae08be000 	C:\WINDOWS\SYSTEM32\windows.storage.dll
0x00007ffae3a40000 - 0x00007ffae3d93000 	C:\WINDOWS\System32\combase.dll
0x00007ffae1390000 - 0x00007ffae13bb000 	C:\WINDOWS\SYSTEM32\Wldp.dll
0x00007ffae3990000 - 0x00007ffae3a3e000 	C:\WINDOWS\System32\SHCORE.dll
0x00007ffae36f0000 - 0x00007ffae3745000 	C:\WINDOWS\System32\shlwapi.dll
0x00007ffae1920000 - 0x00007ffae193f000 	C:\WINDOWS\SYSTEM32\profapi.dll
0x00007ffacdf70000 - 0x00007ffacdf8a000 	C:\Program Files\Android\Android Studio\jre\jre\bin\net.dll
0x00007ffad2250000 - 0x00007ffad243d000 	C:\WINDOWS\SYSTEM32\urlmon.dll
0x00007ffad2fb0000 - 0x00007ffad325e000 	C:\WINDOWS\SYSTEM32\iertutil.dll
0x00007ffae1110000 - 0x00007ffae117a000 	C:\WINDOWS\system32\mswsock.dll
0x00007ffacdf50000 - 0x00007ffacdf63000 	C:\Program Files\Android\Android Studio\jre\jre\bin\nio.dll
0x00007fface310000 - 0x00007fface32e000 	C:\Users\Kaloyan.Mednikarov\.gradle\native\25\windows-amd64\native-platform.dll
0x00007ffada960000 - 0x00007ffada96d000 	C:\Program Files\Android\Android Studio\jre\jre\bin\management.dll
0x00007ffae12e0000 - 0x00007ffae12f8000 	C:\WINDOWS\SYSTEM32\CRYPTSP.dll
0x00007ffae0aa0000 - 0x00007ffae0ad4000 	C:\WINDOWS\system32\rsaenh.dll
0x00007ffae2030000 - 0x00007ffae2057000 	C:\WINDOWS\System32\bcrypt.dll
0x00007ffae18e0000 - 0x00007ffae190e000 	C:\WINDOWS\SYSTEM32\USERENV.dll
0x00007ffae1ce0000 - 0x00007ffae1d5f000 	C:\WINDOWS\System32\bcryptprimitives.dll
0x00007ffae1300000 - 0x00007ffae130c000 	C:\WINDOWS\SYSTEM32\CRYPTBASE.dll
0x00007ffae0e00000 - 0x00007ffae0e3b000 	C:\WINDOWS\SYSTEM32\IPHLPAPI.DLL
0x00007ffae2300000 - 0x00007ffae2309000 	C:\WINDOWS\System32\NSI.dll
0x00007ffadcee0000 - 0x00007ffadcef7000 	C:\WINDOWS\SYSTEM32\dhcpcsvc6.DLL
0x00007ffadceb0000 - 0x00007ffadcecd000 	C:\WINDOWS\SYSTEM32\dhcpcsvc.DLL
0x00007ffae0e50000 - 0x00007ffae0f1a000 	C:\WINDOWS\SYSTEM32\DNSAPI.dll
0x00007ffadeee0000 - 0x00007ffadef70000 	C:\WINDOWS\system32\apphelp.dll
0x0000000066e00000 - 0x0000000066f03000 	C:\Users\Kaloyan.Mednikarov\AppData\Local\Temp\sqlite-3.25.2-a054ab21-ea1a-4fe7-be9a-2f0ed324cabb-sqlitejdbc.dll

VM Arguments:
jvm_args: -Xmx1536m -Dfile.encoding=windows-1252 -Duser.country=US -Duser.language=en -Duser.variant 
java_command: org.gradle.launcher.daemon.bootstrap.GradleDaemon 5.1.1
java_class_path (initial): C:\Users\Kaloyan.Mednikarov\.gradle\wrapper\dists\gradle-5.1.1-all\97z1ksx6lirer3kbvdnh7jtjg\gradle-5.1.1\lib\gradle-launcher-5.1.1.jar
Launcher Type: SUN_STANDARD

Environment Variables:
PATH=D:\WINDOWS.X64_193000_db_home\bin;C:\Program Files (x86)\Common Files\Oracle\Java\javapath;C:\Informatica\10.1.1\clients\tools\datadirect;C:\Informatica\10.1.1\clients\tools\odbcdrv;C:\Informatica\10.1.1\clients\tools\jdbcdrv;C:\Informatica\10.1.1\clients\tools\sharedlibs;C:\oraclexe\app\oracle\product\12.2.0\dbhome_1\bin;C:\ProgramData\Oracle\Java\javapath;C:\oraclexe\app\oracle\product\11.2.0\server\bin;C:\Program Files\Intel\iCLS Client\;C:\WINDOWS\system32;C:\WINDOWS;C:\WINDOWS\System32\Wbem;C:\WINDOWS\System32\WindowsPowerShell\v1.0\;C:\Program Files\TortoiseSVN\bin;C:\Users\Kaloyan.Mednikarov\AppData\Local\Microsoft\WindowsApps;C:\Program Files\PuTTY\;C:\WINDOWS\system32;C:\WINDOWS;C:\WINDOWS\System32\Wbem;C:\WINDOWS\System32\WindowsPowerShell\v1.0\;C:\Program Files\Git\cmd;C:\WINDOWS\System32\OpenSSH\;C:\Program Files\dotnet\;C:\Program Files\Microsoft SQL Server\130\Tools\Binn\;C:\Users\Kaloyan.Mednikarov\AppData\Local\Programs\Python\Python36;C:\Program Files\Microsoft SQL Server\Client SDK\ODBC\170\Tools\Binn\;C:\Program Files (x86)\Microsoft SQL Server\150\Tools\Binn\;C:\Program Files\Microsoft SQL Server\150\Tools\Binn\;C:\Program Files\Microsoft SQL Server\150\DTS\Binn\;C:\Program Files (x86)\Microsoft SQL Server\150\DTS\Binn\;C:\Program Files\Intel\WiFi\bin\;C:\Program Files\Common Files\Intel\WirelessCommon\;C:\Program Files (x86)\Intel\Intel(R) Management Engine Components\DAL;C:\Program Files\Intel\Intel(R) Management Engine Components\DAL;C:\Users\Kaloyan.Mednikarov\AppData\Local\Programs\Python\Python36\Scripts\;C:\Users\Kaloyan.Mednikarov\AppData\Local\Programs\Python\Python36\;C:\Users\Kaloyan.Mednikarov\AppData\Local\Microsoft\WindowsApps;C:\Program Files\Intel\WiFi\bin\;C:\Program Files\Common Files\Intel\WirelessCommon\;%USERPROFILE%\AppData\Local\Microsoft\WindowsApps;
USERNAME=Kaloyan.Mednikarov
OS=Windows_NT
PROCESSOR_IDENTIFIER=Intel64 Family 6 Model 158 Stepping 9, GenuineIntel



---------------  S Y S T E M  ---------------

OS: Windows 10.0 , 64 bit Build 19041 (10.0.19041.292)

CPU:total 4 (initial active 4) (4 cores per cpu, 1 threads per core) family 6 model 158 stepping 9, cmov, cx8, fxsr, mmx, sse, sse2, sse3, ssse3, sse4.1, sse4.2, popcnt, avx, avx2, aes, clmul, erms, 3dnowpref, lzcnt, tsc, tscinvbit, bmi1, bmi2, adx

Memory: 4k page, physical 16635756k(1423804k free), swap 25024364k(11428k free)

vm_info: OpenJDK 64-Bit Server VM (25.212-b04) for windows-amd64 JRE (1.8.0_212-release-1586-b04), built by "builder" with MS VC++ 10.0 (VS2010)

time: Wed Jul 01 16:01:14 2020
timezone: FLE Daylight Time
elapsed time: 26 seconds (0d 0h 0m 26s)

